<?xml version="1.0" encoding="UTF-8"?>
<robot generator="Robot 3.1.2 (Python 3.8.1 on win32)" generated="20200411 08:10:27.883" rpa="false">
<suite id="s1" name="Suite" source="D:\Software Testing\Projects\parabot\examples\test_project_01\suite_03\suite.robot">
<kw name="Set the Things Up" type="setup">
<kw name="Set Selenium Timeout" library="SeleniumLibrary">
<doc>Sets the timeout that is used by various keywords.</doc>
<arguments>
<arg>30 seconds</arg>
</arguments>
<status status="PASS" starttime="20200411 08:10:28.377" endtime="20200411 08:10:28.377"></status>
</kw>
<kw name="Set Selenium Speed" library="SeleniumLibrary">
<doc>Sets the delay that is waited after each Selenium command.</doc>
<arguments>
<arg>1 seconds</arg>
</arguments>
<status status="PASS" starttime="20200411 08:10:28.377" endtime="20200411 08:10:28.377"></status>
</kw>
<kw name="Open Browser" library="SeleniumLibrary">
<doc>Opens a new browser instance to the optional ``url``.</doc>
<arguments>
<arg>${HOMEPAGE}</arg>
<arg>${BROWSER}</arg>
</arguments>
<msg timestamp="20200411 08:10:28.378" level="INFO">Opening browser 'chrome' to base url 'https://www.tesena.com/'.</msg>
<status status="PASS" starttime="20200411 08:10:28.377" endtime="20200411 08:10:38.143"></status>
</kw>
<status status="PASS" starttime="20200411 08:10:28.376" endtime="20200411 08:10:38.143"></status>
</kw>
<test id="s1-t1" name="Homepage Title is Correct">
<kw name="Check Page Title">
<arguments>
<arg>${HOMEPAGE_TITLE_TEXT}</arg>
</arguments>
<kw name="Title Should Be" library="SeleniumLibrary">
<doc>Verifies that the current page title equals ``title``.</doc>
<arguments>
<arg>${pagetitle_text}</arg>
</arguments>
<msg timestamp="20200411 08:10:39.148" level="INFO">Page title is 'Tesena'.</msg>
<status status="PASS" starttime="20200411 08:10:38.144" endtime="20200411 08:10:39.148"></status>
</kw>
<status status="PASS" starttime="20200411 08:10:38.143" endtime="20200411 08:10:39.148"></status>
</kw>
<status status="PASS" starttime="20200411 08:10:38.143" endtime="20200411 08:10:39.149" critical="yes"></status>
</test>
<kw name="Close All Browsers" library="SeleniumLibrary" type="teardown">
<doc>Closes all open browsers and resets the browser cache.</doc>
<status status="PASS" starttime="20200411 08:10:39.150" endtime="20200411 08:10:42.182"></status>
</kw>
<status status="PASS" starttime="20200411 08:10:27.885" endtime="20200411 08:10:42.182"></status>
</suite>
<statistics>
<total>
<stat pass="1" fail="0">Critical Tests</stat>
<stat pass="1" fail="0">All Tests</stat>
</total>
<tag>
</tag>
<suite>
<stat pass="1" fail="0" id="s1" name="Suite">Suite</stat>
</suite>
</statistics>
<errors>
</errors>
</robot>
